<?xml version="1.0" encoding="UTF-8"?>
<!-- Generated by org.testng.reporters.JUnitReportReporter -->
<testsuite hostname="DESKTOP-8VSS3SO" failures="0" tests="2" name="zerodhaTest.HomepageTest" time="3.668" errors="0" timestamp="2022-07-24T15:56:50 IST" skipped="0">
  <testcase classname="zerodhaTest.HomepageTest" name="navBarCount" time="2.852"/>
  <system-out/>
  <testcase classname="zerodhaTest.HomepageTest" name="verifyNickname" time="0.816"/>
  <system-out/>
</testsuite> <!-- zerodhaTest.HomepageTest -->
