<?xml version="1.0" encoding="UTF-8"?>
<!-- Generated by org.testng.reporters.JUnitReportReporter -->
<testsuite hostname="DESKTOP-8VSS3SO" failures="0" tests="5" name="zerodhaTest.ZerodhaLoginTest" time="1.007" errors="0" timestamp="2022-07-24T15:56:50 IST" skipped="0">
  <testcase classname="zerodhaTest.ZerodhaLoginTest" name="verifyTitle" time="0.077"/>
  <system-out/>
  <testcase classname="zerodhaTest.ZerodhaLoginTest" name="verifyUserID" time="0.153"/>
  <system-out/>
  <testcase classname="zerodhaTest.ZerodhaLoginTest" name="verifyPassword" time="0.324"/>
  <system-out/>
  <testcase classname="zerodhaTest.ZerodhaLoginTest" name="verifyForgotText" time="0.060"/>
  <system-out/>
  <testcase classname="zerodhaTest.ZerodhaLoginTest" name="getLogin" time="0.393"/>
  <system-out/>
</testsuite> <!-- zerodhaTest.ZerodhaLoginTest -->
